DAC Database save conversion
NET1: Success
SUG1: Success
AOC1: Success
SDL1: Success
FIL1: Success
EVS1: Success
EVC2: Success
DES1: Success
EVC1: Success
EVC3: Success
EVC4: Success
EVC5: Success
EVC6: Success
EVC7: Success
SUA1: Success
PAN1: Success
EVC8: Success
EVC9: Success
EVN4: Success
EVN6: Success
EVN7: Success
EVN8: Success
EVN9: Success
EVN10: Success
EVN5: Success
EVA3: Success
EVA4: Success
EVA5: Success
EVA6: Success
EVA7: Success
EVA8: Success
EVA9: Success
EVA10: Success
EVA11: Success
EVA12: Success
EVA13: Success
EVA14: Success
EVA15: Success
EVA16: Success
EVA17: Success
EVA18: Success
EVA19: Success
EVA20: Success
AI101: Success
AV1: Success
BDC3: Success
BDC1: Success
AV2: Success
BDC2: Success
AIC22: Success
AIC9: Success
AI1: Success
BI3: Success
BDC4: Success
BI4: Success
BI5: Success
AI2: Success
BI10: Success
BI7: Success
BI8: Success
BI9: Success
BI11: Success
AI102: Success
AI104: Success
BO2: Success
CO1: Success
BI6: Success
BO1: Success
AO7: Success
BV1: Success
AO10: Success
AO8: Success
AO9: Success
CO2: Success
AIC15: Success
MT1: Success
MT2: Success
TL12: Success
TL11: Success
AV3: Success
BV2: Success
AV4: Success
AI103: Success
PG3: Success
PG4: Success
DEL1: Success
AV31: Success
EV1: Success
EV2: Success
TL2: Success
TL1: Success
TL3: Success
DEL2: Success
AV10: Success
AV11: Success
AV20: Success
DEL3: Success
DEL4: Success
AV21: Success
BDC5: Success
BV11: Success
AV32: Success
DER1: Success
DER2: Success
CAL1: Success
PG6: Success
AV33: Success
SCH1: Success
SCH2: Success
PG8: Success
EV3: Success
PG2: Success
PG5: Success
EVA2: Success
PG9: Success
PG1: Success
PG7: Success
EVN2: Success
EVN1: Success
DBI628: Success
LNK101: Success
EVN3: Success
EVA1: Success
DEV628: Success
Conversion: 124 of 124 objects converted.