DAC Database save conversion
SDL1: Success
SUG1: Success
FIL1: Success
DES1: Success
EVC1: Success
EVC2: Success
EVC3: Success
EVC4: Success
EVC5: Success
NET1: Success
EVS1: Success
SUA1: Success
PAN1: Success
EVC6: Success
EVC7: Success
EVC8: Success
EVC9: Success
DER163: Success
DEL2: Success
AV9601: Success
DER224: Success
DER223: Success
DER221: Success
DEL4: Success
AV10: Success
DER219: Success
DER236: Success
DER75: Success
DER315: Success
DER317: Success
DER319: Success
DER351: Success
DER353: Success
DER355: Success
DER119: Success
DER210: Success
DER211: Success
DER363: Success
DER365: Success
DER367: Success
DER407: Success
DER240: Success
DER78: Success
DER60: Success
DER59: Success
AV11: Success
DER217: Success
DER72: Success
DER239: Success
DER241: Success
DER243: Success
DER67: Success
DER71: Success
AV12: Success
DER215: Success
EVA1: Success
EVA2: Success
EVA3: Success
EVA4: Success
EVA5: Success
EVA6: Success
EVA7: Success
EVA8: Success
EVA9: Success
EVA10: Success
EVA11: Success
EVA12: Success
EVA13: Success
EVA14: Success
EVA15: Success
EVA16: Success
EVA17: Success
EVA18: Success
EVA19: Success
EVA20: Success
EVA21: Success
EVA22: Success
EVA23: Success
EVA24: Success
EVA25: Success
EVA26: Success
EVA27: Success
EVA28: Success
EVA29: Success
EVA30: Success
BMD1: Success
DER381: Success
DER383: Success
DER385: Success
BMD2: Success
DER399: Success
DER401: Success
DER403: Success
DER440: Success
DER435: Success
DER430: Success
DER425: Success
DER357: Success
DER312: Success
DER56: Success
DER420: Success
DER415: Success
DER410: Success
DER54: Success
DEL11: Success
DER52: Success
DEL6: Success
DER214: Success
DER74: Success
DER70: Success
DER69: Success
DER55: Success
DEL7: Success
DEL1: Success
DEL3: Success
DER209: Success
DEL5: Success
AV13: Success
DER207: Success
DEL9: Success
DER206: Success
DER204: Success
DER199: Success
DER65: Success
DER49: Success
DER47: Success
DEL8: Success
DER107: Success
DER105: Success
DER103: Success
DER197: Success
DER195: Success
DER193: Success
DER191: Success
DER189: Success
DER164: Success
DER165: Success
DER166: Success
DER167: Success
DER168: Success
DER169: Success
DER170: Success
DER171: Success
DER172: Success
DER173: Success
DER174: Success
DER175: Success
DER176: Success
DER177: Success
DER178: Success
DER179: Success
DER180: Success
DER181: Success
DER182: Success
DER183: Success
DER184: Success
DER185: Success
DER186: Success
DER187: Success
DER188: Success
DER190: Success
DER192: Success
DER194: Success
DER196: Success
DER198: Success
DER205: Success
DER159: Success
DER157: Success
DER155: Success
DER153: Success
DER128: Success
DER129: Success
DER130: Success
DER131: Success
DER132: Success
DER133: Success
DER134: Success
DER135: Success
DER136: Success
DER137: Success
DER138: Success
DER139: Success
DER140: Success
DER141: Success
DER142: Success
DER143: Success
DER144: Success
DER145: Success
DER146: Success
DER147: Success
DER148: Success
DER149: Success
DER150: Success
DER151: Success
DER152: Success
DER154: Success
DER156: Success
DER158: Success
DER160: Success
DER161: Success
DER162: Success
DER208: Success
DER212: Success
DER213: Success
DER216: Success
DER218: Success
DER220: Success
DER222: Success
DER225: Success
AV9625: Success
AV9602: Success
AV9603: Success
AV9604: Success
AV9605: Success
AV9606: Success
AV9607: Success
AV9608: Success
AV9609: Success
AV9610: Success
DER203: Success
AV9611: Success
DER200: Success
DER121: Success
DER201: Success
DER17: Success
DER202: Success
AV9612: Success
AV9613: Success
AV9614: Success
AV9615: Success
AV9621: Success
AV9622: Success
AV9623: Success
AV9624: Success
AV9626: Success
AV9627: Success
AV9628: Success
AV9629: Success
AV9630: Success
AV9631: Success
AV9632: Success
AV9633: Success
AV9634: Success
AV9635: Success
AV9662: Success
AV9661: Success
AV9663: Success
AV9664: Success
AV9665: Success
AV9666: Success
AV9667: Success
AV9668: Success
AV9669: Success
AV9670: Success
AV9671: Success
AV9672: Success
AV9673: Success
AV9674: Success
AV9675: Success
AV9676: Success
AV9677: Success
AV9678: Success
AV9679: Success
DER120: Success
PG11: Success
DER117: Success
DER16: Success
DER115: Success
DER113: Success
DER100: Success
DER98: Success
DER96: Success
DER94: Success
DER92: Success
DER90: Success
DER88: Success
PG10: Success
DER86: Success
DER84: Success
DER82: Success
DER80: Success
DER81: Success
DER83: Success
DER85: Success
DER87: Success
DER89: Success
DER91: Success
DER93: Success
DER95: Success
DER97: Success
DER99: Success
DER101: Success
DER102: Success
DER104: Success
DER106: Success
DER108: Success
DER109: Success
DER110: Success
DER111: Success
DER112: Success
AV5: Success
AV6: Success
AV8: Success
AV14: Success
AV15: Success
DER114: Success
DER116: Success
DER118: Success
DER122: Success
AV1: Success
AV2: Success
DER123: Success
DER226: Success
DER227: Success
PG3: Success
AV4: Success
DER124: Success
DER125: Success
DER126: Success
DER127: Success
PG5: Success
AV16: Success
DER64: Success
PG2: Success
DEL10: Success
DER51: Success
DER46: Success
DER44: Success
EVN6: Success
DER53: Success
AV17: Success
DER79: Success
DER77: Success
DER42: Success
DER41: Success
DER63: Success
DER62: Success
DER61: Success
DER58: Success
DER57: Success
EVN40: Success
DER39: Success
DER37: Success
DER36: Success
DER34: Success
DER405: Success
PG4: Success
PG7: Success
EVN43: Success
EVN35: Success
EVN42: Success
EVN44: Success
EVN45: Success
DER369: Success
DER371: Success
DER373: Success
DER359: Success
DER32: Success
DER361: Success
EVN50: Success
PG6: Success
DER375: Success
DER377: Success
DER379: Success
DER387: Success
EVN1: Success
EVN3: Success
DER321: Success
DER26: Success
DER24: Success
EVN19: Success
EVN8: Success
DER323: Success
EVN11: Success
DER244: Success
DER246: Success
DER22: Success
EVN7: Success
DER21: Success
EVN10: Success
EVN12: Success
EVN16: Success
EVN17: Success
EVN20: Success
DER314: Success
DER248: Success
DER19: Success
DER409: Success
DER249: Success
DER15: Success
DER325: Success
DER333: Success
DER335: Success
DER14: Success
EVN18: Success
DER1: Success
DER3: Success
DER6: Success
DER8: Success
DER11: Success
DER13: Success
DER18: Success
DER20: Success
DER23: Success
DER25: Success
DER33: Success
DER35: Success
DER38: Success
DER40: Success
DER43: Success
DER45: Success
DER48: Success
DER50: Success
DER66: Success
DER68: Success
DER73: Success
DER76: Success
DER230: Success
DER232: Success
DER316: Success
DER253: Success
DER337: Success
DER339: Success
DER412: Success
DER341: Success
DER256: Success
DER343: Success
DER322: Success
DER261: Success
DER12: Success
DER345: Success
DER10: Success
DER263: Success
DER264: Success
DER324: Success
DER9: Success
DER266: Success
DER268: Success
DER269: Success
DER7: Success
DER347: Success
DER271: Success
DER2: Success
DER326: Success
DER273: Success
DER231: Success
DER274: Success
DER276: Success
DER349: Success
DER278: Success
DER328: Success
DER279: Success
DER329: Success
DER330: Success
DER281: Success
DER331: Success
DER332: Success
DER286: Success
DER389: Success
DER334: Success
DER291: Success
DER327: Success
DER336: Success
DER296: Success
DER391: Success
DER338: Success
DER301: Success
DER393: Success
DER340: Success
DER306: Success
DER395: Success
DER342: Success
DER344: Success
DER235: Success
DER237: Success
DER242: Success
DER245: Success
DER247: Success
DER250: Success
DER252: Success
DER255: Success
DER257: Success
DER260: Success
DER262: Success
DER265: Success
DER267: Success
DER270: Success
DER272: Success
DER275: Success
DER277: Success
PG23: Success
EVN13: Success
EVN21: Success
EVN22: Success
DER397: Success
EVN9: Success
EVN14: Success
EVN41: Success
EVN47: Success
EVN24: Success
EVN27: Success
DER280: Success
DER282: Success
DER285: Success
DER287: Success
DER290: Success
DER292: Success
DER295: Success
DER297: Success
DER300: Success
DER302: Success
DER305: Success
DER307: Success
EVN15: Success
EVN23: Success
EVN25: Success
EVN26: Success
EVN31: Success
EVN32: Success
EVN33: Success
EVN34: Success
EVN49: Success
EVN29: Success
EVN36: Success
EVN46: Success
EVN37: Success
EVN38: Success
EVN48: Success
EVN39: Success
DER309: Success
DER311: Success
DER313: Success
DER414: Success
DER417: Success
DER419: Success
DER422: Success
DER424: Success
DER427: Success
DER429: Success
DER432: Success
DER434: Success
DER437: Success
DER439: Success
DER442: Success
DER444: Success
DER445: Success
DER447: Success
DER449: Success
DER450: Success
DER452: Success
DER454: Success
DER455: Success
DER457: Success
DER459: Success
DER460: Success
DER462: Success
DER464: Success
DER465: Success
DER467: Success
DER469: Success
DER470: Success
DER472: Success
DER474: Success
DER475: Success
DER477: Success
DER458: Success
DER482: Success
DER484: Success
DER485: Success
DER487: Success
DER489: Success
DER490: Success
DER492: Success
DER494: Success
DER495: Success
DER497: Success
DER499: Success
DER406: Success
DER408: Success
DER411: Success
DER413: Success
DER416: Success
DER418: Success
DER421: Success
DER423: Success
DER426: Success
DER428: Success
DER431: Success
DER433: Success
DER436: Success
DER438: Success
DER441: Success
DER443: Success
DER446: Success
DER448: Success
DER451: Success
DER453: Success
DER456: Success
DER461: Success
DER463: Success
DER466: Success
DER468: Success
DER471: Success
DER479: Success
DER480: Success
EVN28: Success
DER473: Success
DER476: Success
DER478: Success
DER481: Success
DER483: Success
DER486: Success
DER488: Success
DER491: Success
DER493: Success
DER496: Success
DER498: Success
DER5: Success
PG24: Success
EVN2: Success
EVN4: Success
EVN30: Success
EVN5: Success
DER4: Success
DER228: Success
DER229: Success
DER233: Success
DER234: Success
DER238: Success
DER251: Success
DER254: Success
DER258: Success
DER259: Success
DER283: Success
DER284: Success
DER288: Success
DER289: Success
DER293: Success
DER294: Success
DER298: Success
DER299: Success
DER303: Success
DER304: Success
DER308: Success
DER310: Success
PG1: Success
DER318: Success
DER320: Success
DER346: Success
DER348: Success
DER350: Success
DER352: Success
DER354: Success
DER356: Success
DER358: Success
DER360: Success
DER362: Success
DER364: Success
DER366: Success
DER368: Success
DER370: Success
DER372: Success
DER374: Success
DER376: Success
DER378: Success
DER380: Success
DER382: Success
DER384: Success
DER386: Success
DER388: Success
DER390: Success
DER392: Success
DER394: Success
DER396: Success
DER398: Success
DER400: Success
DER402: Success
DER404: Success
DBI9600: Success
IPS1: Success
PG21: Success
PG22: Success
DEV9600: Success
Conversion: 683 of 683 objects converted.