DAC Database save conversion
SDL1: Success
SUG1: Success
FIL1: Success
DES1: Success
BMD1: Success
EVC1: Success
EVC2: Success
EVC3: Success
EVC4: Success
EVC5: Success
NET1: Success
EVS1: Success
SUA1: Success
PAN1: Success
EVC6: Success
EVC7: Success
EVC8: Success
EVC9: Success
DER3: Success
DER115: Success
DER116: Success
DER96: Success
DER68: Success
DER6: Success
EVN23: Success
EVN26: Success
EVN27: Success
EVN32: Success
DER7: Success
DER8: Success
EVN16: Success
EVN24: Success
DER95: Success
DER10: Success
EVA1: Success
EVA2: Success
EVA3: Success
EVA4: Success
EVA5: Success
EVA6: Success
EVA7: Success
EVA8: Success
EVA9: Success
EVA10: Success
EVA11: Success
EVA12: Success
EVA13: Success
EVA14: Success
EVA15: Success
EVA16: Success
EVA17: Success
EVA18: Success
EVA19: Success
EVA20: Success
EVA21: Success
EVA22: Success
EVA23: Success
EVA24: Success
EVA25: Success
EVA26: Success
EVA27: Success
EVA28: Success
EVA29: Success
EVA30: Success
BMD2: Success
EVN28: Success
EVN34: Success
DER13: Success
EVN33: Success
EVN35: Success
EVN40: Success
EVN43: Success
EVN44: Success
EVN49: Success
EVN50: Success
DER94: Success
DER1: Success
DER16: Success
EVN46: Success
DER5: Success
EVN17: Success
EVN8: Success
DER57: Success
DER9: Success
DER11: Success
DER67: Success
DER65: Success
EVN30: Success
EVN9: Success
DER117: Success
DER118: Success
DER2: Success
EVN18: Success
EVN1: Success
EVN2: Success
DER45: Success
EVN45: Success
DER36: Success
DER66: Success
DER25: Success
DER26: Success
DER43: Success
DER44: Success
DER4: Success
DER71: Success
DER14: Success
DER12: Success
DER27: Success
DER29: Success
DER30: Success
DER31: Success
DER32: Success
DER33: Success
DER34: Success
DER18: Success
DER20: Success
DER22: Success
DER24: Success
DER28: Success
DER17: Success
DER19: Success
DER21: Success
PG1: Success
DER53: Success
DER55: Success
DER56: Success
DER54: Success
DER64: Success
DER62: Success
DER59: Success
DER61: Success
DER63: Success
DER80: Success
DER70: Success
DER69: Success
DER72: Success
DER83: Success
DER84: Success
DER85: Success
DER87: Success
DER88: Success
DER89: Success
DER91: Success
DER92: Success
DER35: Success
EVN47: Success
DER46: Success
DER47: Success
DER48: Success
DER38: Success
DER40: Success
DER42: Success
DER37: Success
DER39: Success
DER41: Success
DER49: Success
DER51: Success
DER52: Success
DER50: Success
DER74: Success
DER78: Success
DER82: Success
DER86: Success
DER90: Success
DER73: Success
DER75: Success
DER76: Success
DER77: Success
DER79: Success
DER81: Success
DER104: Success
DER105: Success
DER107: Success
DER108: Success
DER109: Success
DER111: Success
DER112: Success
DER113: Success
DER23: Success
EVN3: Success
EVN4: Success
EVN10: Success
EVN11: Success
EVN12: Success
EVN19: Success
EVN20: Success
EVN21: Success
EVN22: Success
EVN37: Success
EVN25: Success
EVN31: Success
EVN5: Success
EVN6: Success
EVN36: Success
EVN48: Success
EVN13: Success
EVN14: Success
EVN15: Success
EVN38: Success
DER98: Success
DER102: Success
DER106: Success
DER110: Success
DER97: Success
DER99: Success
DER100: Success
DER101: Success
DER103: Success
EVN39: Success
EVN41: Success
DER58: Success
DER60: Success
DER114: Success
EVN42: Success
PG3: Success
EVN7: Success
EVN29: Success
DEV700: Success
DBI700: Success
IPS1: Success
PG2: Success
PG4: Success
Conversion: 222 of 222 objects converted.