DAC Database save conversion
SDL1: Success
SUG1: Success
FIL1: Success
DES1: Success
EVC1: Success
EVC2: Success
EVC3: Success
EVC4: Success
EVC5: Success
NET1: Success
EVS1: Success
SUA1: Success
PAN1: Success
EVC6: Success
EVC7: Success
EVC8: Success
EVC9: Success
DER13: Success
DER206: Success
DEL1: Success
DER190: Success
AV9701: Success
DER204: Success
DEL11: Success
AV3: Success
AV4: Success
DER617: Success
DER619: Success
DER622: Success
DER405: Success
DER294: Success
DER397: Success
DER399: Success
DER2: Success
DER293: Success
DER203: Success
DEL12: Success
DEL2: Success
DER188: Success
EVA1: Success
EVA2: Success
EVA3: Success
EVA4: Success
EVA5: Success
EVA6: Success
EVA7: Success
EVA8: Success
EVA9: Success
EVA10: Success
EVA11: Success
EVA12: Success
EVA13: Success
EVA14: Success
EVA15: Success
EVA16: Success
EVA17: Success
EVA18: Success
EVA19: Success
EVA20: Success
EVA21: Success
EVA22: Success
EVA23: Success
EVA24: Success
EVA25: Success
EVA26: Success
EVA27: Success
EVA28: Success
EVA29: Success
EVA30: Success
BMD1: Success
AV5: Success
DER108: Success
DER109: Success
DER110: Success
DER12: Success
DER201: Success
DER198: Success
DER195: Success
DER193: Success
DER191: Success
DER186: Success
BMD2: Success
DER184: Success
DEL4: Success
DER183: Success
DEL6: Success
DEL8: Success
DEL3: Success
DER11: Success
DER180: Success
DER179: Success
DER176: Success
DER298: Success
DER296: Success
DER291: Success
DEL5: Success
DER175: Success
DER189: Success
DER174: Success
DER172: Success
DEL7: Success
DER289: Success
DER10: Success
AV1: Success
AV2: Success
DER9: Success
DER169: Success
DER167: Success
DER165: Success
DER163: Success
AV6: Success
AV7: Success
AV8: Success
AV9: Success
AV10: Success
AV11: Success
AV12: Success
AV13: Success
AV14: Success
DER162: Success
DER160: Success
DER158: Success
DER156: Success
DER154: Success
DER152: Success
AV15: Success
AV16: Success
AV17: Success
AV18: Success
AV19: Success
AV20: Success
DER8: Success
DER150: Success
DER148: Success
DER146: Success
DER144: Success
DER142: Success
DER140: Success
DER141: Success
DER143: Success
DER145: Success
DER147: Success
DER149: Success
DER151: Success
DER153: Success
DER155: Success
DER157: Success
DER159: Success
DER161: Success
DER164: Success
DER166: Success
DER168: Success
DER170: Success
DER171: Success
DER173: Success
DER177: Success
DER182: Success
DER185: Success
DER187: Success
DER192: Success
DER194: Success
DER196: Success
DER199: Success
DER202: Success
DER205: Success
DER136: Success
DER137: Success
DER138: Success
DER139: Success
DER7: Success
DER129: Success
DER127: Success
DER125: Success
DER123: Success
DER121: Success
PG10: Success
DER6: Success
DER119: Success
DER117: Success
DER115: Success
DER113: Success
DER111: Success
DER112: Success
DER107: Success
DER106: Success
DER114: Success
DER104: Success
DER102: Success
DER100: Success
DER98: Success
DER96: Success
DER94: Success
DER92: Success
DER90: Success
DER88: Success
DER86: Success
DER84: Success
DER16: Success
DER79: Success
DER78: Success
DER82: Success
DER76: Success
DER77: Success
DER83: Success
DER85: Success
DER87: Success
DER89: Success
DER91: Success
DER93: Success
DER95: Success
DER97: Success
DER99: Success
DER101: Success
DER103: Success
DER105: Success
DER116: Success
DER118: Success
DER120: Success
AV9702: Success
AV9703: Success
AV9704: Success
AV9705: Success
DER122: Success
DER124: Success
DER126: Success
DER128: Success
DER5: Success
DER4: Success
DER3: Success
DER130: Success
DER131: Success
AV9706: Success
AV9707: Success
AV9708: Success
AV9709: Success
AV9710: Success
AV9711: Success
AV9712: Success
AV9713: Success
AV9714: Success
AV9715: Success
AV9741: Success
AV9721: Success
AV9722: Success
AV9723: Success
AV9724: Success
AV9725: Success
AV9726: Success
AV9727: Success
AV9728: Success
DER132: Success
DER133: Success
DER134: Success
DER135: Success
DER67: Success
DER65: Success
DER63: Success
DER61: Success
DER62: Success
DER64: Success
DER66: Success
DER68: Success
DER69: Success
DER70: Success
DER71: Success
DER72: Success
DER73: Success
DER74: Success
DER75: Success
DER52: Success
DER50: Success
DER48: Success
DER46: Success
DER44: Success
DER45: Success
DER47: Success
DER49: Success
DER51: Success
DER53: Success
DER54: Success
DER55: Success
DER178: Success
DER56: Success
DER57: Success
DER181: Success
DER58: Success
DER59: Success
DER60: Success
DER34: Success
DER32: Success
DER30: Success
DER28: Success
DER26: Success
DER24: Success
DER22: Success
DER20: Success
DER197: Success
DER200: Success
DER15: Success
DER14: Success
DER17: Success
DER18: Success
DER19: Success
DER21: Success
DER23: Success
DER25: Success
DER27: Success
DER29: Success
DER31: Success
DER33: Success
AV9729: Success
AV9730: Success
AV9731: Success
AV9732: Success
DER35: Success
DER36: Success
DER37: Success
DER38: Success
DER39: Success
DER40: Success
DER41: Success
AV9742: Success
AV9743: Success
AV9744: Success
AV9733: Success
AV9734: Success
AV9735: Success
AV9736: Success
AV9737: Success
AV9745: Success
AV9746: Success
AV9747: Success
AV9748: Success
AV9749: Success
AV9750: Success
AV9751: Success
AV9752: Success
AV9753: Success
AV9754: Success
AV9755: Success
DER207: Success
AV9781: Success
DER42: Success
DER43: Success
EVN20: Success
DER288: Success
PG5: Success
EVN18: Success
DEL9: Success
DER80: Success
AV9756: Success
DER81: Success
EVN12: Success
DER292: Success
EVN13: Success
DER624: Success
EVN26: Success
EVN27: Success
EVN1: Success
EVN5: Success
DER286: Success
DER284: Success
DER283: Success
DER281: Success
DER279: Success
AV9782: Success
AV9783: Success
AV9784: Success
AV9785: Success
AV9786: Success
AV9787: Success
AV9788: Success
AV9789: Success
AV9790: Success
AV9791: Success
AV9792: Success
AV9793: Success
AV9794: Success
AV9795: Success
AV9796: Success
PG4: Success
DER278: Success
DER276: Success
DER408: Success
DER274: Success
DER285: Success
EVN14: Success
DER282: Success
PG2: Success
PG6: Success
DER273: Success
DER271: Success
DER269: Success
DER268: Success
EVN15: Success
PG3: Success
PG7: Success
EVN16: Success
DER266: Success
DER280: Success
EVN30: Success
EVN34: Success
EVN6: Success
EVN7: Success
DER264: Success
DER263: Success
DER261: Success
EVN19: Success
EVN21: Success
EVN38: Success
EVN39: Success
DER259: Success
DER258: Success
DER256: Success
DER254: Success
DER410: Success
DER253: Success
EVN32: Success
EVN40: Success
EVN44: Success
EVN46: Success
DER275: Success
EVN41: Success
DER251: Success
DER249: Success
DER248: Success
DER246: Success
DER244: Success
DER243: Success
EVN24: Success
DER412: Success
DER241: Success
DER239: Success
DER238: Success
DER413: Success
DER415: Success
DER417: Success
DER236: Success
DER234: Success
DER233: Success
DER418: Success
DER231: Success
DER229: Success
DER228: Success
DER318: Success
DER316: Success
DER315: Success
DER226: Success
DER420: Success
DER224: Success
DER320: Success
DER313: Success
DER422: Success
DER423: Success
DER425: Success
DER427: Success
DER311: Success
DER310: Success
DER308: Success
DER306: Success
DER305: Success
DER303: Success
DER301: Success
DER300: Success
DER328: Success
DER330: Success
DER331: Success
DER333: Success
DER335: Success
DER336: Success
DER338: Success
DER340: Success
DER341: Success
DER343: Success
DER345: Success
DER346: Success
DER348: Success
DER350: Success
DER351: Success
DER353: Success
DER355: Success
DER356: Success
DER358: Success
DER360: Success
DER361: Success
DER363: Success
DER365: Success
DER366: Success
DER368: Success
DER370: Success
DER371: Success
DER373: Success
DER375: Success
DER376: Success
DER378: Success
DER380: Success
DER381: Success
DER383: Success
DER385: Success
DER386: Success
DER388: Success
DER390: Success
DER403: Success
DER407: Success
DER428: Success
DER430: Success
DER432: Success
DER433: Success
DER435: Success
DER437: Success
DER438: Success
DER440: Success
DER442: Success
DER443: Success
DER445: Success
DER447: Success
DER448: Success
DER450: Success
DER452: Success
DER453: Success
DER455: Success
DER457: Success
DER458: Success
DER460: Success
DER462: Success
DER498: Success
DER496: Success
DER495: Success
DER493: Success
DER491: Success
DER463: Success
DER465: Success
DER467: Success
DER468: Success
DER470: Success
DER472: Success
DER473: Success
DER475: Success
DER477: Success
DER478: Success
DER480: Success
DER482: Success
DER500: Success
DER490: Success
DER488: Success
DER486: Success
DER485: Success
DER483: Success
DER401: Success
DER400: Success
DER398: Success
DER396: Success
DER395: Success
EVN37: Success
DER393: Success
DER391: Success
DER327: Success
DER325: Success
DER323: Success
DER322: Success
DER223: Success
EVN48: Success
EVN49: Success
DER225: Success
DER227: Success
DER230: Success
DER232: Success
DER235: Success
DER237: Success
DER240: Success
DER242: Success
DER245: Success
DER247: Success
DER250: Success
DER252: Success
DER255: Success
DER257: Success
DER260: Success
DER262: Success
DER265: Success
DER267: Success
DER270: Success
DER272: Success
DER277: Success
DER287: Success
DER290: Success
DER295: Success
DER297: Success
DER221: Success
DER220: Success
DER218: Success
DER216: Success
DER215: Success
DER213: Success
DER610: Success
DER611: Success
DER613: Success
DER615: Success
DER616: Success
DER618: Success
DER620: Success
DER621: Success
DER623: Success
DER625: Success
DER626: Success
DER628: Success
DER630: Success
DER631: Success
DER633: Success
DER635: Success
DER636: Success
DER638: Success
DER640: Success
EVN8: Success
DER299: Success
DER302: Success
DER304: Success
DER307: Success
DER309: Success
DER312: Success
DER314: Success
DER317: Success
DER319: Success
DER329: Success
DER332: Success
DER334: Success
DER337: Success
DER339: Success
DER342: Success
DER344: Success
DER347: Success
DER349: Success
DER352: Success
DER354: Success
DER357: Success
DER359: Success
DER362: Success
DER364: Success
DER367: Success
DER369: Success
DER372: Success
DER374: Success
DER377: Success
DER379: Success
DER382: Success
DER384: Success
DER387: Success
DER389: Success
DER404: Success
DER406: Success
DER409: Success
DER411: Success
DER414: Success
DER416: Success
DER419: Success
DER421: Success
DER424: Success
DER426: Success
DER429: Success
DER431: Success
DER434: Success
DER436: Success
DER439: Success
DER441: Success
DER444: Success
DER446: Success
DER449: Success
DER466: Success
DER469: Success
PG23: Success
DER474: Success
DER476: Success
EVN50: Success
EVN10: Success
DER451: Success
DER454: Success
DER456: Success
DER459: Success
DER461: Success
DER464: Success
DER471: Success
DER479: Success
DER481: Success
EVN9: Success
PG1: Success
DER632: Success
DER634: Success
DER214: Success
DER217: Success
DER219: Success
DER222: Success
DER321: Success
DER324: Success
DER326: Success
DER392: Success
DER394: Success
DER402: Success
DER484: Success
DER487: Success
DER489: Success
DER492: Success
DER494: Success
DER497: Success
DER499: Success
DER609: Success
DER612: Success
DER614: Success
DER627: Success
DER629: Success
DER637: Success
DER639: Success
EVN17: Success
EVN25: Success
EVN22: Success
EVN23: Success
EVN29: Success
EVN11: Success
EVN28: Success
EVN42: Success
EVN43: Success
EVN45: Success
EVN47: Success
EVN31: Success
EVN33: Success
EVN35: Success
EVN36: Success
EVN2: Success
PG21: Success
PG22: Success
PG24: Success
DBI9700: Success
IPS1: Success
EVN3: Success
EVN4: Success
DEV9700: Success
Conversion: 735 of 735 objects converted.