DAC Database save conversion
NET1: Success
SUG1: Success
BI1: Success
BI2: Success
BI3: Success
AV1: Success
SDL1: Success
FIL1: Success
EVS1: Success
EVC2: Success
DES1: Success
EVC1: Success
EVC3: Success
EVC4: Success
EVC5: Success
EVC6: Success
EVC7: Success
SUA1: Success
PAN1: Success
EVC8: Success
EVC9: Success
EVN6: Success
EVN7: Success
EVN8: Success
EVN10: Success
EVN4: Success
EVA3: Success
EVA4: Success
EVA5: Success
EVA6: Success
EVA7: Success
EVA8: Success
EVA9: Success
EVA10: Success
EVA11: Success
EVA12: Success
EVA13: Success
EVA14: Success
EVA15: Success
EVA16: Success
EVA17: Success
EVA18: Success
EVA19: Success
EVA20: Success
BI4: Success
BI5: Success
BI6: Success
BV1: Success
BV2: Success
BDC1: Success
BDC2: Success
BDC3: Success
BDC4: Success
BDC5: Success
BO1: Success
BDC6: Success
PG2: Success
PG3: Success
PG5: Success
BV3: Success
BV4: Success
PG4: Success
EVN5: Success
EV1: Success
EV2: Success
EVN9: Success
EVA2: Success
EVN2: Success
EVA1: Success
EVN1: Success
DBI503: Success
EVN3: Success
PG1: Success
DEV503: Success
Conversion: 74 of 74 objects converted.