DAC Database save conversion
SDL1: Success
SUG1: Success
FIL1: Success
DES1: Success
BMD1: Success
EVC1: Success
EVC2: Success
EVC3: Success
EVC4: Success
EVC5: Success
NET1: Success
EVS1: Success
SUA1: Success
PAN1: Success
EVC6: Success
EVC7: Success
EVC8: Success
EVC9: Success
EVN5: Success
EVN8: Success
EVN9: Success
EVN12: Success
EVN10: Success
EVN11: Success
EVN14: Success
EVN22: Success
EVN15: Success
EVA1: Success
EVA2: Success
EVA3: Success
EVA4: Success
EVA5: Success
EVA6: Success
EVA7: Success
EVA8: Success
EVA9: Success
EVA10: Success
EVA11: Success
EVA12: Success
EVA13: Success
EVA14: Success
EVA15: Success
EVA16: Success
EVA17: Success
EVA18: Success
EVA19: Success
EVA20: Success
EVA21: Success
EVA22: Success
EVA23: Success
EVA24: Success
EVA25: Success
EVA26: Success
EVA27: Success
EVA28: Success
EVA29: Success
EVA30: Success
BMD2: Success
EVN6: Success
EVN23: Success
EVN7: Success
EVN24: Success
EVN25: Success
EVN30: Success
EVN32: Success
EVN48: Success
EVN38: Success
EVN4: Success
EVN31: Success
EVN35: Success
EVN39: Success
EVN36: Success
EVN28: Success
EVN47: Success
EVN29: Success
EVN44: Success
EVN40: Success
EVN45: Success
EVN13: Success
EVN49: Success
EVN50: Success
EVN42: Success
EVN43: Success
EVN1: Success
EVN19: Success
EVN16: Success
EVN17: Success
EVN21: Success
EVN33: Success
EVN18: Success
EVN41: Success
EVN46: Success
EVN2: Success
EVN34: Success
EVN3: Success
EVN27: Success
EVN20: Success
EVN26: Success
EVN37: Success
DEV500: Success
DBI500: Success
IPS1: Success
Conversion: 102 of 102 objects converted.