DAC Database save conversion
SDL1: Success
SUG1: Success
FIL1: Success
DES1: Success
EVC1: Success
EVC2: Success
EVC3: Success
EVC4: Success
EVC5: Success
NET1: Success
EVS1: Success
SUA1: Success
PAN1: Success
EVC6: Success
EVC7: Success
EVC8: Success
EVC9: Success
DER202: Success
DER8: Success
DEL2: Success
AV9999: Success
AV6: Success
DEL4: Success
AV1: Success
AV2: Success
DER273: Success
DEL10: Success
DER213: Success
DEL12: Success
AV3: Success
AV4: Success
EVA1: Success
EVA2: Success
EVA3: Success
EVA4: Success
EVA5: Success
EVA6: Success
EVA7: Success
EVA8: Success
EVA9: Success
EVA10: Success
EVA11: Success
EVA12: Success
EVA13: Success
EVA14: Success
EVA15: Success
EVA16: Success
EVA17: Success
EVA18: Success
EVA19: Success
EVA20: Success
EVA21: Success
EVA22: Success
EVA23: Success
EVA24: Success
EVA25: Success
EVA26: Success
EVA27: Success
EVA28: Success
EVA29: Success
EVA30: Success
BMD1: Success
DER211: Success
EVN27: Success
DER6: Success
AV5: Success
DER474: Success
EVN43: Success
EVN39: Success
EVN42: Success
DEL5: Success
AV7: Success
AV8: Success
AV9: Success
EVN33: Success
AV10: Success
DEL7: Success
DEL8: Success
DER4: Success
BMD2: Success
DEL1: Success
EVN50: Success
EVN3: Success
DEL9: Success
AV11: Success
DER9: Success
DER13: Success
DER128: Success
DER129: Success
DER130: Success
DER3: Success
DER18: Success
DER19: Success
AV12: Success
AV13: Success
AV14: Success
AV15: Success
AV16: Success
AV17: Success
AV18: Success
AV19: Success
AV20: Success
AV9801: Success
AV9802: Success
AV9803: Success
AV9804: Success
AV9805: Success
AV9806: Success
AV9807: Success
AV9808: Success
AV9809: Success
AV9810: Success
AV9811: Success
AV9812: Success
AV9813: Success
AV9814: Success
AV9815: Success
AV9821: Success
AV9822: Success
AV9823: Success
AV9824: Success
AV9825: Success
AV9826: Success
AV9827: Success
AV9828: Success
AV9829: Success
AV9830: Success
AV9831: Success
AV9832: Success
AV9833: Success
AV9834: Success
AV9835: Success
AV9836: Success
AV9841: Success
AV9842: Success
AV9843: Success
AV9844: Success
AV9845: Success
AV9846: Success
AV9847: Success
AV9848: Success
AV9849: Success
AV9850: Success
AV9851: Success
AV9852: Success
AV9853: Success
AV9854: Success
AV9855: Success
AV9856: Success
AV9861: Success
AV9862: Success
AV9863: Success
AV9864: Success
DER131: Success
DER132: Success
DER133: Success
DER134: Success
AV9868: Success
AV9869: Success
AV9870: Success
AV9871: Success
AV9872: Success
AV9873: Success
AV9874: Success
DER20: Success
DER21: Success
DEL11: Success
DEL3: Success
DER186: Success
DER14: Success
DER201: Success
DER184: Success
DER183: Success
DER182: Success
DER181: Success
DER180: Success
DER178: Success
DER177: Success
DER176: Success
DER221: Success
DEL6: Success
DER10: Success
DER179: Success
EVN10: Success
DER208: Success
EVN8: Success
EVN19: Success
DER23: Success
DER24: Success
DER25: Success
DER26: Success
DER27: Success
DER29: Success
DER30: Success
DER31: Success
DER1: Success
DER2: Success
DER5: Success
DER7: Success
DER17: Success
DER22: Success
DER28: Success
DER32: Success
DER33: Success
DER34: Success
DER35: Success
DER36: Success
DER37: Success
DER38: Success
DER39: Success
DER40: Success
DER41: Success
DER42: Success
DER43: Success
DER44: Success
DER45: Success
DER46: Success
DER47: Success
DER48: Success
DER49: Success
DER50: Success
DER51: Success
DER52: Success
DER53: Success
DER54: Success
DER55: Success
DER56: Success
DER57: Success
DER58: Success
DER59: Success
DER60: Success
DER61: Success
DER62: Success
DER63: Success
DER64: Success
DER65: Success
DER66: Success
DER69: Success
DER70: Success
DER75: Success
DER76: Success
DER77: Success
DER78: Success
DER81: Success
DER109: Success
DER83: Success
DER84: Success
DER85: Success
DER86: Success
DER87: Success
DER89: Success
DER90: Success
DER91: Success
DER92: Success
DER93: Success
DER95: Success
DER96: Success
DER97: Success
DER98: Success
DER99: Success
DER101: Success
DER102: Success
DER103: Success
DER104: Success
DER105: Success
DER107: Success
DER108: Success
DER110: Success
DER111: Success
DER112: Success
DER113: Success
DER114: Success
DER115: Success
DER116: Success
DER117: Success
DER118: Success
DER120: Success
DER121: Success
DER122: Success
DER125: Success
DER124: Success
DER123: Success
DER71: Success
DER72: Success
DER73: Success
DER74: Success
DER82: Success
DER88: Success
DER94: Success
DER100: Success
DER106: Success
DER119: Success
DER126: Success
DER137: Success
AV9875: Success
DER138: Success
DER67: Success
DER68: Success
AV9876: Success
AV9877: Success
DER140: Success
DER141: Success
DER142: Success
DER143: Success
DER185: Success
DER175: Success
DER145: Success
DER146: Success
DER147: Success
DER148: Success
DER149: Success
DER151: Success
DER188: Success
DER189: Success
DER190: Success
DER191: Success
DER192: Success
DER194: Success
DER195: Success
DER196: Success
DER197: Success
DER198: Success
DER200: Success
DER79: Success
DER80: Success
DER127: Success
DER135: Success
DER136: Success
DER139: Success
DER144: Success
DER150: Success
DER152: Success
DER153: Success
DER155: Success
DER157: Success
DER158: Success
DER159: Success
DER160: Success
DER162: Success
DER163: Success
DER164: Success
DER165: Success
DER166: Success
DER167: Success
DER168: Success
DER169: Success
DER170: Success
DER187: Success
DER193: Success
DER199: Success
EVN24: Success
DER203: Success
DER204: Success
DER205: Success
PG6: Success
DER206: Success
DER215: Success
DER210: Success
DER174: Success
EVN22: Success
EVN34: Success
DER396: Success
DER398: Success
EVN32: Success
DER173: Success
EVN35: Success
DER476: Success
DER171: Success
EVN2: Success
DER477: Success
DER156: Success
PG3: Success
PG4: Success
PG5: Success
PG7: Success
PG8: Success
EVN28: Success
EVN45: Success
EVN12: Success
DER392: Success
EVN44: Success
DER154: Success
EVN6: Success
DER172: Success
DER15: Success
DER11: Success
DER222: Success
DER224: Success
DER226: Success
DER479: Success
DER483: Success
DER227: Success
EVN1: Success
EVN9: Success
DER399: Success
DER401: Success
DER403: Success
DER229: Success
DER481: Success
DER228: Success
EVN37: Success
EVN47: Success
EVN4: Success
DER231: Success
DER482: Success
DER232: Success
DER234: Success
DER236: Success
DER484: Success
DER486: Success
DER487: Success
DER244: Success
DER488: Success
DER303: Success
DER489: Success
DER490: Success
DER308: Success
DER491: Success
DER492: Success
DER313: Success
DER493: Success
DER494: Success
DER318: Success
DER495: Success
DER496: Success
DER323: Success
DER497: Success
DER498: Success
DER328: Success
DER499: Success
DER500: Success
DER333: Success
DER501: Success
DER502: Success
DER338: Success
DER503: Success
DER504: Success
DER343: Success
DER505: Success
DER506: Success
DER348: Success
DER507: Success
DER508: Success
DER353: Success
DER509: Success
DER510: Success
DER358: Success
DER360: Success
DER361: Success
DER512: Success
DER363: Success
DER246: Success
DER514: Success
DER249: Success
DER515: Success
DER251: Success
DER252: Success
DER254: Success
DER517: Success
DER256: Success
DER257: Success
DER259: Success
DER519: Success
DER520: Success
DER264: Success
DER266: Success
DER267: Success
DER522: Success
DER269: Success
DER271: Success
DER296: Success
DER524: Success
DER525: Success
EVN11: Success
DER242: Success
DER247: Success
DER395: Success
DER397: Success
DER400: Success
DER402: Success
DER405: Success
DER407: Success
DER410: Success
DER412: Success
DER420: Success
DER422: Success
DER425: Success
DER427: Success
DER430: Success
EVN16: Success
EVN49: Success
EVN14: Success
EVN17: Success
EVN25: Success
EVN13: Success
EVN18: Success
EVN26: Success
EVN29: Success
EVN23: Success
DER12: Success
DER16: Success
DER161: Success
DER390: Success
DER404: Success
DER406: Success
DER408: Success
DER382: Success
DER409: Success
DER411: Success
DER413: Success
DER414: Success
DER416: Success
DER418: Success
DER419: Success
DER415: Success
DER417: Success
DER421: Success
DER423: Success
DER424: Success
DER426: Success
DER428: Success
DER429: Success
DER431: Success
DER433: Success
DER434: Success
DER436: Success
DER438: Success
DER439: Success
DER441: Success
DER443: Success
DER444: Success
DER446: Success
DER448: Success
DER449: Success
DER451: Success
DER453: Success
DER454: Success
DER456: Success
DER458: Success
DER459: Success
DER461: Success
DER463: Success
DER464: Success
DER466: Success
DER468: Success
DER469: Success
DER471: Success
DER473: Success
DER460: Success
DER365: Success
DER527: Success
DER366: Success
DER368: Success
DER370: Success
DER367: Success
DER369: Success
DER373: Success
DER529: Success
DER530: Success
DER432: Success
DER435: Success
DER437: Success
DER440: Success
DER442: Success
DER445: Success
DER447: Success
DER450: Success
DER452: Success
DER455: Success
DER457: Success
DER462: Success
DER465: Success
DER467: Success
DER470: Success
DER207: Success
DER209: Success
DER212: Success
DER214: Success
DER223: Success
DER225: Success
DER230: Success
DER233: Success
DER235: Success
DER243: Success
DER245: Success
DER248: Success
DER250: Success
DER253: Success
DER255: Success
DER258: Success
DER260: Success
DER263: Success
DER265: Success
DER268: Success
DER270: Success
DER297: Success
DER299: Success
DER302: Success
DER304: Success
DER307: Success
DER309: Success
DER312: Success
DER314: Success
DER317: Success
DER319: Success
DER322: Success
DER324: Success
DER327: Success
DER329: Success
DER332: Success
DER334: Success
DER337: Success
DER339: Success
DER342: Success
DER344: Success
DER347: Success
EVN30: Success
EVN31: Success
DER472: Success
EVN36: Success
EVN46: Success
EVN7: Success
DER349: Success
DER352: Success
DER354: Success
DER357: Success
DER359: Success
DER362: Success
DER364: Success
DER372: Success
DER374: Success
DER532: Success
DER534: Success
DER535: Success
DER537: Success
DER539: Success
DER540: Success
DER542: Success
DER544: Success
DER545: Success
DER547: Success
DER551: Success
DER272: Success
DER383: Success
DER391: Success
DER393: Success
DER475: Success
DER478: Success
DER480: Success
DER485: Success
DER511: Success
DER513: Success
DER516: Success
DER518: Success
DER521: Success
DER523: Success
DER526: Success
DER528: Success
DER531: Success
DER533: Success
DER536: Success
DER538: Success
DER541: Success
DER543: Success
DER546: Success
DER548: Success
DER553: Success
DER556: Success
DER558: Success
DER566: Success
DER568: Success
DER570: Success
DER261: Success
DER262: Success
DER298: Success
DER300: Success
DER301: Success
DER305: Success
DER306: Success
DER310: Success
DER311: Success
DER315: Success
DER316: Success
PG1: Success
DER320: Success
DER321: Success
DER549: Success
DER550: Success
DER552: Success
DER554: Success
DER555: Success
DER557: Success
DER559: Success
DER560: Success
DER561: Success
DER562: Success
DER563: Success
DER564: Success
DER565: Success
DER325: Success
DER567: Success
DER569: Success
DER571: Success
DER326: Success
DER330: Success
DER331: Success
DER335: Success
DER336: Success
DER340: Success
DER341: Success
DER345: Success
DER346: Success
DER350: Success
DER351: Success
DER355: Success
DER356: Success
DER371: Success
DER375: Success
DER394: Success
EVN20: Success
PG21: Success
PG22: Success
PG23: Success
PG24: Success
DBI9800: Success
IPS1: Success
EVN41: Success
EVN38: Success
EVN40: Success
EVN5: Success
EVN15: Success
EVN21: Success
EVN48: Success
DEV9800: Success
Conversion: 734 of 734 objects converted.