DAC Database save conversion
SDL1: Success
SUG1: Success
FIL1: Success
DES1: Success
EVC1: Success
EVC2: Success
EVC3: Success
EVC4: Success
EVC5: Success
NET1: Success
EVS1: Success
SUA1: Success
PAN1: Success
EVC6: Success
EVC7: Success
EVC8: Success
EVC9: Success
DER89: Success
DER227: Success
AV10: Success
AV1: Success
DER226: Success
DER230: Success
DEL12: Success
DER224: Success
DER371: Success
DER397: Success
DER372: Success
DER223: Success
AV2: Success
DEL14: Success
AV3: Success
AV4: Success
DEL3: Success
AV5: Success
AV6: Success
AV7: Success
AV8: Success
AV9: Success
DER222: Success
EVA4: Success
AV11: Success
DEL5: Success
DER221: Success
EVA12: Success
DEL6: Success
AV12: Success
AV13: Success
DER541: Success
DER543: Success
DER551: Success
DEL8: Success
AV14: Success
EVA22: Success
AV15: Success
DEL9: Success
DER15: Success
DER601: Success
AV16: Success
AV17: Success
BMD1: Success
BMD2: Success
DEL1: Success
AV18: Success
AV19: Success
AV20: Success
DER170: Success
DER553: Success
DER561: Success
DER563: Success
DER220: Success
EVA13: Success
DER218: Success
EVA17: Success
DER109: Success
AV21: Success
DER216: Success
DER214: Success
DER566: Success
DER568: Success
DER556: Success
DER213: Success
DER211: Success
DER209: Success
DER207: Success
DER205: Success
DER203: Success
DER77: Success
DER78: Success
DER74: Success
DER75: Success
DER66: Success
DER197: Success
DER65: Success
DER171: Success
DER71: Success
DER72: Success
DER189: Success
DER190: Success
DER67: Success
DER183: Success
DER184: Success
DER179: Success
DER181: Success
DER64: Success
DER173: Success
DER169: Success
DER167: Success
DER165: Success
DER163: Success
DER161: Success
DER159: Success
DER157: Success
DER155: Success
DER153: Success
DER151: Success
DER149: Success
DER147: Success
DER145: Success
DER143: Success
DER366: Success
DER370: Success
DER141: Success
DER139: Success
DER137: Success
DER135: Success
DER133: Success
DER131: Success
DER129: Success
DER127: Success
DER125: Success
DER123: Success
AV22: Success
AV23: Success
EVA5: Success
EVA6: Success
EVA7: Success
EVA8: Success
EVA9: Success
EVA10: Success
EVA11: Success
DEL15: Success
DER121: Success
EVA14: Success
EVA15: Success
EVA16: Success
DEL2: Success
DER118: Success
DER116: Success
EVA18: Success
EVA19: Success
EVA20: Success
DER115: Success
EVA21: Success
DER114: Success
DER112: Success
EVA23: Success
EVA24: Success
DEL4: Success
EVA25: Success
EVA26: Success
EVA27: Success
EVA28: Success
DER229: Success
DER101: Success
EVA1: Success
EVA2: Success
EVA3: Success
DER111: Success
DER108: Success
DER558: Success
DER546: Success
DER548: Success
DER106: Success
DER104: Success
DER102: Success
DEL7: Success
DEL10: Success
DER14: Success
DER100: Success
DER98: Success
DER96: Success
DER94: Success
EVA29: Success
EVN33: Success
EVA30: Success
DER13: Success
DER92: Success
DER31: Success
DER91: Success
DER201: Success
DER202: Success
DER204: Success
DER206: Success
DER208: Success
DER210: Success
DER212: Success
DER215: Success
DER217: Success
DER219: Success
DER225: Success
DER228: Success
DER90: Success
DER93: Success
DER95: Success
DER97: Success
DER99: Success
DER103: Success
DER105: Success
DER107: Success
DER113: Success
DER117: Success
DER122: Success
DER124: Success
DER126: Success
DER32: Success
DER128: Success
DER130: Success
DER132: Success
DER134: Success
DER136: Success
DER138: Success
DER140: Success
DER142: Success
DER144: Success
DER146: Success
DER148: Success
DER150: Success
DER152: Success
DER154: Success
DER156: Success
DER158: Success
DER160: Success
DER162: Success
DER164: Success
DER166: Success
DER168: Success
AV24: Success
AV9977: Success
AV9978: Success
AV9979: Success
AV9980: Success
AV9981: Success
AV9982: Success
AV9983: Success
AV9984: Success
AV9985: Success
AV9986: Success
AV9987: Success
AV9988: Success
AV9989: Success
AV9990: Success
AV25: Success
DER85: Success
DER83: Success
DER81: Success
DER193: Success
DER12: Success
DER11: Success
DER10: Success
DER9: Success
DER8: Success
DER7: Success
DER195: Success
DER191: Success
DER192: Success
DER73: Success
DER177: Success
DER178: Success
AV9901: Success
AV9902: Success
AV9903: Success
DER70: Success
DER68: Success
DER76: Success
DER79: Success
DER62: Success
DER60: Success
DER58: Success
DER56: Success
DER54: Success
DER52: Success
DER50: Success
DER48: Success
DER6: Success
DER4: Success
DER3: Success
DER47: Success
DER45: Success
DER43: Success
DER41: Success
DER39: Success
DER37: Success
DER35: Success
DER33: Success
DER29: Success
DER27: Success
DER25: Success
DER23: Success
DER21: Success
DER19: Success
DER20: Success
DER22: Success
DER24: Success
DER26: Success
DER28: Success
DER30: Success
DER34: Success
DER36: Success
DER38: Success
DER40: Success
AV9904: Success
AV9905: Success
AV9906: Success
AV9907: Success
PG3: Success
DER42: Success
DER44: Success
DER46: Success
DER49: Success
AV9908: Success
AV9909: Success
AV9910: Success
AV9911: Success
AV9912: Success
AV9913: Success
AV9914: Success
AV9921: Success
AV9922: Success
AV9923: Success
AV9924: Success
AV9925: Success
AV9926: Success
AV9927: Success
AV9928: Success
AV9929: Success
AV9930: Success
AV9931: Success
AV9932: Success
AV9933: Success
AV9934: Success
AV9935: Success
AV9941: Success
AV9942: Success
AV9943: Success
AV9944: Success
AV9945: Success
AV9946: Success
AV9947: Success
AV9948: Success
AV9949: Success
AV9950: Success
AV9951: Success
AV9952: Success
AV9953: Success
AV9954: Success
AV9955: Success
AV9961: Success
AV9962: Success
AV9963: Success
AV9964: Success
AV9965: Success
AV9966: Success
AV9967: Success
AV9968: Success
AV9969: Success
AV9970: Success
AV9971: Success
AV9972: Success
AV9973: Success
AV9974: Success
DER2: Success
AV9976: Success
PG2: Success
DER51: Success
DER53: Success
DER55: Success
DER57: Success
DER59: Success
DER61: Success
DER63: Success
DER80: Success
DER82: Success
DER84: Success
DER86: Success
DER87: Success
DER88: Success
DER110: Success
DER119: Success
DER120: Success
PG5: Success
DEL13: Success
DER234: Success
DER5: Success
DER16: Success
DER236: Success
DER237: Success
DER187: Success
DER188: Success
EVN27: Success
DER1: Success
DER233: Success
DER591: Success
DER400: Success
DER231: Success
DER232: Success
DER235: Success
PG6: Success
DER185: Success
DER186: Success
DER199: Success
DER200: Success
DER194: Success
DER198: Success
DER172: Success
DER174: Success
EVN43: Success
EVN34: Success
DER342: Success
DER196: Success
PG10: Success
DER69: Success
DER175: Success
DER176: Success
DER182: Success
DER180: Success
EVN35: Success
EVN36: Success
EVN48: Success
PG4: Success
PG7: Success
EVN44: Success
DER501: Success
EVN19: Success
EVN37: Success
EVN42: Success
EVN45: Success
DER291: Success
DER295: Success
DER589: Success
DER286: Success
EVN32: Success
EVN39: Success
DER290: Success
EVN12: Success
DER588: Success
DER586: Success
EVN50: Success
DER284: Success
EVN3: Success
EVN40: Success
EVN47: Success
DER344: Success
DER283: Success
DER281: Success
DER279: Success
DER347: Success
DER346: Success
DER278: Success
DER276: Success
DER349: Success
DER274: Success
DER273: Success
DER271: Success
DER352: Success
DER269: Success
DER268: Success
DER266: Success
DER264: Success
DER263: Success
DER261: Success
DER259: Success
DER351: Success
DER353: Success
DER355: Success
DER356: Success
DER358: Success
DER360: Success
DER361: Success
DER363: Success
DER573: Success
DER396: Success
DER258: Success
DER256: Success
DER571: Success
DER254: Success
DER253: Success
DER251: Success
DER240: Success
DER242: Success
DER245: Success
DER247: Success
DER250: Success
DER252: Success
DER255: Success
DER257: Success
DER260: Success
DER262: Success
DER265: Success
DER267: Success
DER270: Success
DER272: Success
DER275: Success
DER277: Success
DER280: Success
DER282: Success
DER285: Success
DER403: Success
DER494: Success
DER405: Success
DER249: Success
DER493: Success
DER248: Success
DER246: Success
DER244: Success
DER491: Success
DER243: Success
DER489: Success
DER241: Success
DER239: Success
DER238: Success
DER488: Success
DER17: Success
DER595: Success
DER602: Success
DER604: Success
DER606: Success
DER486: Success
DER500: Success
DER502: Success
DER484: Success
DER504: Success
DER505: Success
DER507: Success
DER509: Success
DER483: Success
DER510: Success
DER331: Success
DER333: Success
DER512: Success
DER514: Success
DER515: Success
DER335: Success
DER481: Success
DER517: Success
DER336: Success
DER479: Success
DER519: Success
DER338: Success
DER520: Success
DER340: Success
DER341: Success
DER478: Success
DER408: Success
DER410: Success
DER476: Success
DER474: Success
DER416: Success
DER418: Success
DER473: Success
DER420: Success
DER421: Success
DER423: Success
DER471: Success
DER394: Success
DER393: Success
DER428: Success
DER430: Success
DER431: Success
DER391: Success
DER433: Success
DER435: Success
DER436: Success
DER389: Success
DER438: Success
DER440: Success
DER441: Success
DER443: Success
DER445: Success
DER446: Success
DER448: Success
DER450: Success
DER451: Success
DER453: Success
DER455: Success
DER456: Success
DER458: Success
DER460: Success
DER461: Success
DER463: Success
DER465: Success
DER466: Success
EVN1: Success
EVN49: Success
EVN8: Success
EVN2: Success
EVN5: Success
EVN10: Success
EVN20: Success
EVN4: Success
EVN11: Success
EVN29: Success
EVN7: Success
EVN28: Success
EVN6: Success
EVN13: Success
EVN16: Success
DER332: Success
DER334: Success
DER337: Success
DER339: Success
DER343: Success
DER522: Success
DER524: Success
DER525: Success
DER527: Success
DER529: Success
DER530: Success
DER532: Success
DER534: Success
DER535: Success
DER537: Success
DER539: Success
DER540: Success
DER542: Success
DER544: Success
DER545: Success
DER547: Success
DER549: Success
DER550: Success
DER552: Success
DER554: Success
DER555: Success
DER557: Success
DER559: Success
DER468: Success
DER470: Success
DER495: Success
DER497: Success
DER499: Success
DER560: Success
DER562: Success
DER564: Success
DER287: Success
DER292: Success
DER354: Success
DER357: Success
DER359: Success
DER362: Success
DER364: Success
DER367: Success
DER399: Success
DER402: Success
DER404: Success
DER407: Success
DER409: Success
DER417: Success
DER419: Success
DER422: Success
DER424: Success
DER427: Success
DER565: Success
DER567: Success
DER569: Success
DER429: Success
DER432: Success
DER434: Success
DER437: Success
DER439: Success
DER442: Success
DER444: Success
DER447: Success
DER449: Success
DER452: Success
DER454: Success
DER457: Success
DER459: Success
DER462: Success
DER464: Success
DER467: Success
DER469: Success
DER496: Success
DER498: Success
DER503: Success
EVN24: Success
DER607: Success
DER609: Success
DER611: Success
DER612: Success
DER614: Success
DER616: Success
DER617: Success
DER619: Success
DER621: Success
DER593: Success
DER584: Success
EVN25: Success
EVN9: Success
EVN14: Success
EVN30: Success
EVN31: Success
EVN17: Success
EVN15: Success
EVN18: Success
PG25: Success
DER506: Success
DER508: Success
DER511: Success
DER513: Success
DER516: Success
DER518: Success
DER521: Success
DER523: Success
DER526: Success
DER528: Success
DER531: Success
DER533: Success
DER536: Success
DER538: Success
DER594: Success
DER603: Success
DER605: Success
DER608: Success
DER610: Success
DER613: Success
DER615: Success
DER618: Success
DER620: Success
DER18: Success
DER390: Success
DER392: Success
DER395: Success
DER472: Success
DER475: Success
DER477: Success
DER480: Success
DER482: Success
DER485: Success
DER487: Success
DER490: Success
DER492: Success
DER570: Success
DER572: Success
DER585: Success
DER587: Success
DER590: Success
DER592: Success
DER345: Success
DER348: Success
DER350: Success
DER365: Success
DER398: Success
DER401: Success
DER406: Success
SUA3: Success
SUA11: Success
SUA5: Success
SUA6: Success
DER425: Success
DER426: Success
DER373: Success
DER369: Success
DER368: Success
DER294: Success
DER293: Success
DER289: Success
DER288: Success
EVN21: Success
EVN22: Success
EVN26: Success
SUA8: Success
SUA7: Success
SUA9: Success
SUA10: Success
SUA12: Success
EVN23: Success
TL1: Success
PG21: Success
PG22: Success
PG23: Success
PG24: Success
DEV9900: Success
EVN41: Success
PG1: Success
DEL11: Success
EVN38: Success
DBI9900: Success
IPS1: Success
EVN46: Success
Conversion: 789 of 789 objects converted.