DAC Database save conversion
NET1: Success
SUG1: Success
SDL1: Success
FIL1: Success
EVS1: Success
EVC2: Success
DES1: Success
EVC1: Success
EVC3: Success
EVC4: Success
EVC5: Success
EVC6: Success
EVC7: Success
SUA1: Success
PAN1: Success
EVC8: Success
BDC1: Success
EVC9: Success
EVN1: Success
EVN2: Success
EVN3: Success
EVN4: Success
EVN5: Success
EVN6: Success
EVN7: Success
EVN8: Success
EVN9: Success
EVN10: Success
AV2: Success
BDC2: Success
BI1: Success
EVA1: Success
EVA2: Success
EVA3: Success
EVA4: Success
EVA5: Success
EVA6: Success
EVA7: Success
EVA8: Success
EVA9: Success
EVA10: Success
EVA11: Success
EVA12: Success
EVA13: Success
EVA14: Success
EVA15: Success
EVA16: Success
EVA17: Success
EVA18: Success
EVA19: Success
EVA20: Success
BDC3: Success
AV1: Success
AIC9: Success
BI2: Success
BDC4: Success
BDC5: Success
BDC6: Success
TL1: Success
DBI9998: Success
DEV9998: Success
Conversion: 61 of 61 objects converted.