DAC Database save conversion
NET1: Success
SUG1: Success
DBI9996: Success
BDC2: Success
BDC1: Success
BI1: Success
BDC3: Success
SDL1: Success
FIL1: Success
EVS1: Success
EVC2: Success
DES1: Success
EVC1: Success
EVC3: Success
EVC4: Success
EVC5: Success
EVC6: Success
EVC7: Success
BDC4: Success
SUA1: Success
PAN1: Success
EVC8: Success
BDC5: Success
EVC9: Success
EVN1: Success
EVN2: Success
EVN3: Success
EVN4: Success
EVN5: Success
EVN6: Success
EVN7: Success
EVN8: Success
EVN9: Success
EVN10: Success
BDC6: Success
BI2: Success
EVA1: Success
EVA2: Success
EVA3: Success
EVA4: Success
EVA5: Success
EVA6: Success
EVA7: Success
EVA8: Success
EVA9: Success
EVA10: Success
EVA11: Success
EVA12: Success
EVA13: Success
EVA14: Success
EVA15: Success
EVA16: Success
EVA17: Success
EVA18: Success
EVA19: Success
EVA20: Success
DEV9996: Success
BI7: Success
BI3: Success
BI4: Success
BI5: Success
BI6: Success
BI8: Success
BI9: Success
BI10: Success
BI11: Success
BI12: Success
BI13: Success
BI14: Success
BI15: Success
BI16: Success
Conversion: 71 of 71 objects converted.