DAC Database save conversion
NET1: Success
SUG1: Success
BDC2: Success
BV2: Success
BDC1: Success
SDL1: Success
FIL1: Success
EVS1: Success
EVC2: Success
DES1: Success
EVC1: Success
EVC3: Success
EVC4: Success
EVC5: Success
EVC6: Success
EVC7: Success
BDC3: Success
SUA1: Success
PAN1: Success
EVC8: Success
BDC4: Success
EVC9: Success
EVN1: Success
EVN2: Success
EVN3: Success
EVN4: Success
EVN5: Success
EVN6: Success
EVN7: Success
EVN8: Success
EVN9: Success
EVN10: Success
BDC5: Success
BDC6: Success
MV5: Success
EVA1: Success
EVA2: Success
EVA3: Success
EVA4: Success
EVA5: Success
EVA6: Success
EVA7: Success
EVA8: Success
EVA9: Success
EVA10: Success
EVA11: Success
EVA12: Success
EVA13: Success
EVA14: Success
EVA15: Success
EVA16: Success
EVA17: Success
EVA18: Success
EVA19: Success
EVA20: Success
AV1: Success
AV12: Success
AV30005: Success
AV13: Success
MV3: Success
AV14: Success
AV5: Success
AV38: Success
AV2: Success
AV9: Success
AV11: Success
BV3: Success
AV8: Success
AV15: Success
AV10: Success
AV7: Success
MIC2: Success
AV16: Success
AV17: Success
AV35: Success
AV309: Success
AV310: Success
AV311: Success
AV312: Success
MV6: Success
AV30006: Success
MV4: Success
TL25: Success
TL5: Success
MV10: Success
TL22: Success
TL23: Success
TL24: Success
AV313: Success
TL1: Success
TL2: Success
TL4: Success
AV314: Success
AV315: Success
AV24: Success
TL3: Success
TL21: Success
BV1001: Success
MV11: Success
BV1002: Success
AV2012: Success
BT1: Success
GW1: Success
BO1: Success
BO2: Success
BO3: Success
BO4: Success
BO5: Success
BO6: Success
BV1000: Success
DEL1: Success
AV201: Success
AV2013: Success
AV2014: Success
AV205: Success
AV2038: Success
AV202: Success
AV209: Success
AV2011: Success
AV36: Success
AV2036: Success
AV208: Success
BT2: Success
BT3: Success
MIC3: Success
AV2015: Success
AV2010: Success
MV7: Success
DBI9999: Success
MV12: Success
MIC10: Success
MV8: Success
MIC11: Success
MV13: Success
PG3: Success
MIC7: Success
MIC5: Success
MIC4: Success
MIC6: Success
PG1: Success
AV207: Success
AV2016: Success
AV2017: Success
AV2035: Success
AV20309: Success
AV20310: Success
PG7: Success
AV20311: Success
AV20312: Success
AV20313: Success
AV20314: Success
AV20315: Success
AV2024: Success
SCH3: Success
PG4: Success
GWT2: Success
PG6: Success
PG5: Success
DEV9999: Success
GWT1: Success
Conversion: 160 of 160 objects converted.