
******************************************************************
Delta RPL Debug Log File (16:59:29 11-Feb-2019)
******************************************************************

(17:58:47 11-Feb-2019):   OWS shutting down

******************************************************************
Delta RPL Debug Log File (11:12:31 12-Feb-2019)
******************************************************************


******************************************************************
Delta RPL Debug Log File (14:23:47 13-Feb-2019)
******************************************************************

(17:30:00 13-Feb-2019):   OWS shutting down

******************************************************************
Delta RPL Debug Log File (10:36:48 14-Feb-2019)
******************************************************************

(14:12:05 14-Feb-2019):   OWS shutting down

******************************************************************
Delta RPL Debug Log File (16:21:59 22-Mar-2019)
******************************************************************

(17:07:22 22-Mar-2019):   OWS shutting down

******************************************************************
Delta RPL Debug Log File (17:07:45 22-Mar-2019)
******************************************************************

(17:49:11 22-Mar-2019):   OWS shutting down

******************************************************************
Delta RPL Debug Log File (17:21:17 26-Mar-2019)
******************************************************************


******************************************************************
Delta RPL Debug Log File (16:01:23 07-Jun-2019)
******************************************************************

(17:02:46 07-Jun-2019):   OWS shutting down

******************************************************************
Delta RPL Debug Log File (15:39:14 14-Jun-2019)
******************************************************************

(15:53:32 14-Jun-2019):   OWS shutting down

******************************************************************
Delta RPL Debug Log File (15:53:30 17-Jun-2019)
******************************************************************

(17:43:57 17-Jun-2019):   OWS shutting down

******************************************************************
Delta RPL Debug Log File (16:24:51 28-Jun-2019)
******************************************************************

(16:30:09 28-Jun-2019):   OWS shutting down

******************************************************************
Delta RPL Debug Log File (10:02:39 01-Jul-2019)
******************************************************************

(10:10:32 01-Jul-2019):   OWS shutting down

******************************************************************
Delta RPL Debug Log File (10:22:37 01-Jul-2019)
******************************************************************

(10:22:51 01-Jul-2019):   OWS shutting down

******************************************************************
Delta RPL Debug Log File (16:01:51 18-Jul-2019)
******************************************************************

(16:09:53 18-Jul-2019):   OWS shutting down

******************************************************************
Delta RPL Debug Log File (14:59:43 19-Jul-2019)
******************************************************************

(16:22:19 19-Jul-2019):   OWS shutting down

******************************************************************
Delta RPL Debug Log File (15:35:26 04-Sep-2019)
******************************************************************


******************************************************************
Delta RPL Debug Log File (15:54:26 04-Sep-2019)
******************************************************************


******************************************************************
Delta RPL Debug Log File (15:59:48 04-Sep-2019)
******************************************************************


******************************************************************
Delta RPL Debug Log File (16:08:13 04-Sep-2019)
******************************************************************


******************************************************************
Delta RPL Debug Log File (11:31:46 09-Sep-2019)
******************************************************************

(13:23:34 09-Sep-2019):   OWS shutting down

******************************************************************
Delta RPL Debug Log File (10:54:26 30-Sep-2019)
******************************************************************

(11:24:14 30-Sep-2019):   OWS shutting down

******************************************************************
Delta RPL Debug Log File (15:20:35 30-Sep-2019)
******************************************************************

(15:43:07 30-Sep-2019):   OWS shutting down

******************************************************************
Delta RPL Debug Log File (10:36:33 09-Dec-2019)
******************************************************************

(10:58:28 09-Dec-2019):   OWS shutting down

******************************************************************
Delta RPL Debug Log File (11:38:46 09-Dec-2019)
******************************************************************

(12:03:47 09-Dec-2019):   OWS shutting down

******************************************************************
Delta RPL Debug Log File (12:04:00 09-Dec-2019)
******************************************************************

(16:38:58 09-Dec-2019):   OWS shutting down

******************************************************************
Delta RPL Debug Log File (14:38:01 16-Dec-2019)
******************************************************************

(14:58:42 16-Dec-2019):   Updating replicated objects on ALL devices
(15:12:45 16-Dec-2019):   OWS shutting down

******************************************************************
Delta RPL Debug Log File (16:50:24 16-Dec-2019)
******************************************************************

(16:58:16 16-Dec-2019):   OWS shutting down

******************************************************************
Delta RPL Debug Log File (16:58:31 16-Dec-2019)
******************************************************************

(17:20:09 16-Dec-2019):   OWS shutting down

******************************************************************
Delta RPL Debug Log File (17:21:24 16-Dec-2019)
******************************************************************

(17:26:33 16-Dec-2019):   OWS shutting down

******************************************************************
Delta RPL Debug Log File (09:07:44 17-Dec-2019)
******************************************************************

(09:31:49 17-Dec-2019):   OWS shutting down

******************************************************************
Delta RPL Debug Log File (12:18:01 17-Dec-2019)
******************************************************************

(12:53:07 17-Dec-2019):   OWS shutting down

******************************************************************
Delta RPL Debug Log File (14:28:16 17-Dec-2019)
******************************************************************


******************************************************************
Delta RPL Debug Log File (15:34:43 17-Dec-2019)
******************************************************************


******************************************************************
Delta RPL Debug Log File (15:39:12 17-Dec-2019)
******************************************************************

(15:41:35 17-Dec-2019):   OWS shutting down

******************************************************************
Delta RPL Debug Log File (15:41:58 17-Dec-2019)
******************************************************************

(15:42:24 17-Dec-2019):   OWS shutting down

******************************************************************
Delta RPL Debug Log File (15:43:04 17-Dec-2019)
******************************************************************

(18:32:33 17-Dec-2019):   OWS shutting down

******************************************************************
Delta RPL Debug Log File (17:56:03 19-Dec-2019)
******************************************************************

(18:13:41 19-Dec-2019):   OWS shutting down

******************************************************************
Delta RPL Debug Log File (18:00:35 23-Dec-2019)
******************************************************************

(18:22:33 23-Dec-2019):   OWS shutting down

******************************************************************
Delta RPL Debug Log File (20:17:08 23-Dec-2019)
******************************************************************


******************************************************************
Delta RPL Debug Log File (20:22:24 23-Dec-2019)
******************************************************************

(22:38:21 23-Dec-2019):   OWS shutting down

******************************************************************
Delta RPL Debug Log File (16:02:09 24-Dec-2019)
******************************************************************

(16:54:14 24-Dec-2019):   OWS shutting down

******************************************************************
Delta RPL Debug Log File (10:05:50 26-Dec-2019)
******************************************************************

(10:19:20 26-Dec-2019):   OWS shutting down

******************************************************************
Delta RPL Debug Log File (11:21:42 27-Dec-2019)
******************************************************************

(11:22:37 27-Dec-2019):   OWS shutting down

******************************************************************
Delta RPL Debug Log File (11:22:59 27-Dec-2019)
******************************************************************

(11:25:08 27-Dec-2019):   OWS shutting down

******************************************************************
Delta RPL Debug Log File (11:25:22 27-Dec-2019)
******************************************************************

(11:27:30 27-Dec-2019):   OWS shutting down

******************************************************************
Delta RPL Debug Log File (11:27:56 27-Dec-2019)
******************************************************************

(12:27:09 27-Dec-2019):   OWS shutting down

******************************************************************
Delta RPL Debug Log File (13:16:01 30-Dec-2019)
******************************************************************

(18:41:12 30-Dec-2019):   OWS shutting down

******************************************************************
Delta RPL Debug Log File (10:51:22 02-Jan-2020)
******************************************************************

(11:07:39 02-Jan-2020):   OWS shutting down

******************************************************************
Delta RPL Debug Log File (11:28:47 02-Jan-2020)
******************************************************************

(11:43:50 02-Jan-2020):   OWS shutting down

******************************************************************
Delta RPL Debug Log File (11:44:09 02-Jan-2020)
******************************************************************

(11:55:14 02-Jan-2020):   OWS shutting down

******************************************************************
Delta RPL Debug Log File (11:55:35 02-Jan-2020)
******************************************************************

(13:17:43 02-Jan-2020):   OWS shutting down

******************************************************************
Delta RPL Debug Log File (10:11:35 03-Jan-2020)
******************************************************************

(12:02:08 03-Jan-2020):   OWS shutting down

******************************************************************
Delta RPL Debug Log File (12:02:41 03-Jan-2020)
******************************************************************

(12:06:45 03-Jan-2020):   OWS shutting down

******************************************************************
Delta RPL Debug Log File (12:07:00 03-Jan-2020)
******************************************************************

(12:08:41 03-Jan-2020):   OWS shutting down

******************************************************************
Delta RPL Debug Log File (12:28:43 03-Jan-2020)
******************************************************************

(12:30:44 03-Jan-2020):   OWS shutting down

******************************************************************
Delta RPL Debug Log File (12:31:18 03-Jan-2020)
******************************************************************

(12:39:26 03-Jan-2020):   OWS shutting down

******************************************************************
Delta RPL Debug Log File (13:08:37 03-Jan-2020)
******************************************************************

(13:45:26 03-Jan-2020):   OWS shutting down

******************************************************************
Delta RPL Debug Log File (14:32:52 03-Jan-2020)
******************************************************************

(18:53:28 03-Jan-2020):   OWS shutting down

******************************************************************
Delta RPL Debug Log File (19:10:55 03-Jan-2020)
******************************************************************

(19:39:59 03-Jan-2020):   OWS shutting down

******************************************************************
Delta RPL Debug Log File (14:50:46 06-Jan-2020)
******************************************************************

(15:21:42 06-Jan-2020):   OWS shutting down

******************************************************************
Delta RPL Debug Log File (16:28:42 06-Jan-2020)
******************************************************************

(16:51:12 06-Jan-2020):   OWS shutting down

******************************************************************
Delta RPL Debug Log File (17:29:26 06-Jan-2020)
******************************************************************

(17:30:24 06-Jan-2020):   OWS shutting down

******************************************************************
Delta RPL Debug Log File (17:30:54 06-Jan-2020)
******************************************************************

(17:32:14 06-Jan-2020):   OWS shutting down

******************************************************************
Delta RPL Debug Log File (17:34:46 06-Jan-2020)
******************************************************************

(17:53:54 06-Jan-2020):   OWS shutting down

******************************************************************
Delta RPL Debug Log File (11:39:58 29-Jan-2020)
******************************************************************

(11:56:26 29-Jan-2020):   Updating replicated objects on device 9700
(11:56:54 29-Jan-2020):   Updating replicated objects on device 3
(11:57:09 29-Jan-2020):   Updating replicated objects on device 9800
(11:57:25 29-Jan-2020):   Updating replicated objects on device 9835
(11:57:51 29-Jan-2020):   Updating replicated objects on device 9845
(11:57:51 29-Jan-2020):   RPL Error: Device 9845 is not responding
(11:58:09 29-Jan-2020):   Updating replicated objects on device 9900
(11:58:09 29-Jan-2020):   Updating replicated objects on device 9900
(12:08:22 29-Jan-2020):   OWS shutting down

******************************************************************
Delta RPL Debug Log File (13:15:48 29-Jan-2020)
******************************************************************

(13:21:20 29-Jan-2020):   OWS shutting down

******************************************************************
Delta RPL Debug Log File (13:21:33 29-Jan-2020)
******************************************************************

(13:57:35 29-Jan-2020):   OWS shutting down

******************************************************************
Delta RPL Debug Log File (15:47:47 29-Jan-2020)
******************************************************************

(16:29:54 29-Jan-2020):   OWS shutting down

******************************************************************
Delta RPL Debug Log File (17:16:41 29-Jan-2020)
******************************************************************

(17:50:51 29-Jan-2020):   OWS shutting down

******************************************************************
Delta RPL Debug Log File (14:33:51 30-Jan-2020)
******************************************************************


******************************************************************
Delta RPL Debug Log File (17:50:03 30-Jan-2020)
******************************************************************


******************************************************************
Delta RPL Debug Log File (09:33:47 31-Jan-2020)
******************************************************************


******************************************************************
Delta RPL Debug Log File (09:35:52 31-Jan-2020)
******************************************************************


******************************************************************
Delta RPL Debug Log File (09:45:12 31-Jan-2020)
******************************************************************


******************************************************************
Delta RPL Debug Log File (10:03:29 31-Jan-2020)
******************************************************************


******************************************************************
Delta RPL Debug Log File (10:05:01 31-Jan-2020)
******************************************************************


******************************************************************
Delta RPL Debug Log File (10:14:09 31-Jan-2020)
******************************************************************

(10:16:08 31-Jan-2020):   Updating replicated objects on device 702
(11:03:37 31-Jan-2020):   OWS shutting down

******************************************************************
Delta RPL Debug Log File (14:32:35 31-Jan-2020)
******************************************************************

(14:35:42 31-Jan-2020):   OWS shutting down

******************************************************************
Delta RPL Debug Log File (14:36:40 31-Jan-2020)
******************************************************************

(14:38:45 31-Jan-2020):   OWS shutting down

******************************************************************
Delta RPL Debug Log File (14:39:06 31-Jan-2020)
******************************************************************

(15:47:49 31-Jan-2020):   OWS shutting down

******************************************************************
Delta RPL Debug Log File (08:25:51 01-Feb-2020)
******************************************************************

(09:48:37 01-Feb-2020):   OWS shutting down

******************************************************************
Delta RPL Debug Log File (12:39:22 05-Feb-2020)
******************************************************************

(12:58:39 05-Feb-2020):   OWS shutting down

******************************************************************
Delta RPL Debug Log File (10:18:51 07-Feb-2020)
******************************************************************

(10:24:25 07-Feb-2020):   Updating replicated objects on device 9962
(10:24:25 07-Feb-2020):   RPL Error: Device 9962 is not responding
(10:24:43 07-Feb-2020):   Updating replicated objects on device 9963
(10:24:43 07-Feb-2020):   RPL Error: Device 9963 is not responding
(10:25:50 07-Feb-2020):   Updating replicated objects on device 9907
(10:25:50 07-Feb-2020):   RPL Error: Device 9907 is not responding
(10:40:35 07-Feb-2020):   OWS shutting down

******************************************************************
Delta RPL Debug Log File (09:40:38 10-Feb-2020)
******************************************************************

(11:54:34 10-Feb-2020):   OWS shutting down

******************************************************************
Delta RPL Debug Log File (08:16:12 11-Feb-2020)
******************************************************************

(08:25:53 11-Feb-2020):   OWS shutting down

******************************************************************
Delta RPL Debug Log File (08:26:09 11-Feb-2020)
******************************************************************

(08:28:53 11-Feb-2020):   OWS shutting down

******************************************************************
Delta RPL Debug Log File (08:29:18 11-Feb-2020)
******************************************************************

(08:52:42 11-Feb-2020):   OWS shutting down

******************************************************************
Delta RPL Debug Log File (08:52:57 11-Feb-2020)
******************************************************************

(09:30:43 11-Feb-2020):   OWS shutting down

******************************************************************
Delta RPL Debug Log File (09:49:53 12-Feb-2020)
******************************************************************

(10:12:06 12-Feb-2020):   OWS shutting down

******************************************************************
Delta RPL Debug Log File (13:20:53 12-Feb-2020)
******************************************************************

(13:34:13 12-Feb-2020):   OWS shutting down

******************************************************************
Delta RPL Debug Log File (16:31:28 12-Feb-2020)
******************************************************************

(17:40:18 12-Feb-2020):   OWS shutting down

******************************************************************
Delta RPL Debug Log File (09:16:24 13-Feb-2020)
******************************************************************

(16:50:21 13-Feb-2020):   OWS shutting down

******************************************************************
Delta RPL Debug Log File (09:15:12 14-Feb-2020)
******************************************************************

(09:40:34 14-Feb-2020):   OWS shutting down

******************************************************************
Delta RPL Debug Log File (08:56:10 17-Feb-2020)
******************************************************************

(09:13:35 17-Feb-2020):   OWS shutting down

******************************************************************
Delta RPL Debug Log File (09:23:09 18-Feb-2020)
******************************************************************

(09:34:46 18-Feb-2020):   OWS shutting down

******************************************************************
Delta RPL Debug Log File (09:32:08 19-Feb-2020)
******************************************************************

(09:55:05 19-Feb-2020):   OWS shutting down

******************************************************************
Delta RPL Debug Log File (16:00:32 19-Feb-2020)
******************************************************************

(16:42:09 19-Feb-2020):   OWS shutting down

******************************************************************
Delta RPL Debug Log File (09:45:29 20-Feb-2020)
******************************************************************

(10:21:14 20-Feb-2020):   OWS shutting down

******************************************************************
Delta RPL Debug Log File (11:09:02 04-May-2020)
******************************************************************

(11:20:49 04-May-2020):   OWS shutting down

******************************************************************
Delta RPL Debug Log File (13:08:26 04-May-2020)
******************************************************************

(13:50:36 04-May-2020):   OWS shutting down

******************************************************************
Delta RPL Debug Log File (09:02:41 06-Jul-2020)
******************************************************************

(09:20:57 06-Jul-2020):   OWS shutting down

******************************************************************
Delta RPL Debug Log File (09:45:19 06-Jul-2020)
******************************************************************

(10:14:57 06-Jul-2020):   OWS shutting down

******************************************************************
Delta RPL Debug Log File (10:15:16 06-Jul-2020)
******************************************************************

(10:36:40 06-Jul-2020):   OWS shutting down

******************************************************************
Delta RPL Debug Log File (13:34:17 08-Jul-2020)
******************************************************************

(13:35:25 08-Jul-2020):   OWS shutting down
